<?xml version="1.0" encoding="utf-8"?><testsuites name="pytest tests"><testsuite name="pytest" errors="0" failures="0" skipped="2" tests="8" time="0.484" timestamp="2026-09-13T07:47:43.444499+00:00" hostname="agent-env-9ea7372f-5f87-4b7a-9b97-dd8437259c47"><testcase classname="tests.test_backend_health.TestObsoleteEndpointsRemoved" name="test_rooms_endpoint_gone" time="0.004" /><testcase classname="tests.test_backend_health.TestHealth" name="test_health_internal_200" time="0.004" /><testcase classname="tests.test_backend_health.TestObsoleteEndpointsRemoved" name="test_rooms_characters_endpoint_gone" time="0.042" /><testcase classname="tests.test_backend_health.TestHealth" name="test_health_public_200" time="0.000"><skipped type="pytest.skip" message="EXPO_BACKEND_URL not set">/app/backend/tests/test_backend_health.py:37: EXPO_BACKEND_URL not set</skipped></testcase><testcase classname="tests.test_backend_health.TestRoot" name="test_root_internal_200" time="0.043" /><testcase classname="tests.test_backend_health.TestObsoleteEndpointsRemoved" name="test_status_endpoint_gone" time="0.043" /><testcase classname="tests.test_backend_health.TestRoot" name="test_root_public_200" time="0.000"><skipped type="pytest.skip" message="EXPO_BACKEND_URL not set">/app/backend/tests/test_backend_health.py:56: EXPO_BACKEND_URL not set</skipped></testcase><testcase classname="tests.test_backend_health.TestEnvFile" name="test_backend_env_exists_and_readable" time="0.000" /></testsuite></testsuites>